#
# There is insufficient memory for the Java Runtime Environment to continue.
# Native memory allocation (mmap) failed to map 4030464 bytes. Error detail: G1 virtual space
# Possible reasons:
#   The system is out of physical RAM or swap space
#   This process is running with CompressedOops enabled, and the Java Heap may be blocking the growth of the native heap
# Possible solutions:
#   Reduce memory load on the system
#   Increase physical memory or swap space
#   Check if swap backing store is full
#   Decrease Java heap size (-Xmx/-Xms)
#   Decrease number of Java threads
#   Decrease Java thread stack sizes (-Xss)
#   Set larger code cache with -XX:ReservedCodeCacheSize=
#   JVM is running with Zero Based Compressed Oops mode in which the Java heap is
#     placed in the first 32GB address space. The Java Heap base address is the
#     maximum limit for the native heap growth. Please use -XX:HeapBaseMinAddress
#     to set the Java Heap base and to place the Java Heap above 32GB virtual address.
# This output file may be truncated or incomplete.
#
#  Out of Memory Error (os_windows.cpp:3613), pid=13836, tid=55488
#
# JRE version:  (17.0.11+9) (build )
# Java VM: OpenJDK 64-Bit Server VM (17.0.11+9, mixed mode, sharing, tiered, compressed oops, compressed class ptrs, g1 gc, windows-amd64)
# No core dump will be written. Minidumps are not enabled by default on client versions of Windows
#

---------------  S U M M A R Y ------------

Command Line: -Djavax.net.ssl.trustStoreType=WINDOWS-ROOT -Dsun.java2d.d3d=false com.st.microxplorer.maingui.STM32CubeMX E:\rc_ecat_zgt6_hw_version_LL\rc_ecat_zgt6_hw.ioc

Host: AMD Ryzen 7 6800H with Radeon Graphics         , 16 cores, 15G,  Windows 11 , 64 bit Build 22000 (10.0.22000.2124)
Time: Mon Jul 21 11:44:39 2025  Windows 11 , 64 bit Build 22000 (10.0.22000.2124) elapsed time: 0.013350 seconds (0d 0h 0m 0s)

---------------  T H R E A D  ---------------

Current thread (0x000001c3343298d0):  JavaThread "Unknown thread" [_thread_in_vm, id=55488, stack(0x000000a10f500000,0x000000a10f600000)]

Stack: [0x000000a10f500000,0x000000a10f600000]
Native frames: (J=compiled Java code, j=interpreted, Vv=VM code, C=native code)
V  [jvm.dll+0x67d429]
V  [jvm.dll+0x834b7a]
V  [jvm.dll+0x83663e]
V  [jvm.dll+0x836ca3]
V  [jvm.dll+0x247dbf]
V  [jvm.dll+0x67a269]
V  [jvm.dll+0x66ecda]
V  [jvm.dll+0x30797b]
V  [jvm.dll+0x30ee26]
V  [jvm.dll+0x35e838]
V  [jvm.dll+0x35ea3f]
V  [jvm.dll+0x2de6b8]
V  [jvm.dll+0x2df624]
V  [jvm.dll+0x806531]
V  [jvm.dll+0x36c561]
V  [jvm.dll+0x7e4f56]
V  [jvm.dll+0x3efdcf]
V  [jvm.dll+0x3f1921]
C  [jli.dll+0x528f]
C  [ucrtbase.dll+0x26c0c]
C  [KERNEL32.DLL+0x155a0]
C  [ntdll.dll+0x485b]


---------------  P R O C E S S  ---------------

Threads class SMR info:
_java_thread_list=0x00007fff450eeed8, length=0, elements={
}

Java Threads: ( => current thread )

Other Threads:
  0x000001c334393630 GCTaskThread "GC Thread#0" [stack: 0x000000a10f600000,0x000000a10f700000] [id=29832]
  0x000001c3343a41c0 ConcurrentGCThread "G1 Main Marker" [stack: 0x000000a10f700000,0x000000a10f800000] [id=50208]
  0x000001c3343a4ae0 ConcurrentGCThread "G1 Conc#0" [stack: 0x000000a10f800000,0x000000a10f900000] [id=61340]

[error occurred during error reporting (printing all threads), id 0xc0000005, EXCEPTION_ACCESS_VIOLATION (0xc0000005) at pc=0x00007fff448af0f7]

VM state: not at safepoint (not fully initialized)

VM Mutex/Monitor currently owned by a thread:  ([mutex/lock_event])
[0x000001c3343242d0] Heap_lock - owner thread: 0x000001c3343298d0

Heap address: 0x000000070bc00000, size: 3908 MB, Compressed Oops mode: Zero based, Oop shift amount: 3

CDS archive(s) mapped at: [0x0000000000000000-0x0000000000000000-0x0000000000000000), size 0, SharedBaseAddress: 0x0000000800000000, ArchiveRelocationMode: 1.
Narrow klass base: 0x0000000000000000, Narrow klass shift: 0, Narrow klass range: 0x0

GC Precious Log:
<Empty>

Heap:
 garbage-first heap   total 0K, used 0K [0x000000070bc00000, 0x0000000800000000)
  region size 2048K, 0 young (0K), 0 survivors (0K)

[error occurred during error reporting (printing heap information), id 0xc0000005, EXCEPTION_ACCESS_VIOLATION (0xc0000005) at pc=0x00007fff44c970c9]

GC Heap History (0 events):
No events

Dll operation events (1 events):
Event: 0.008 Loaded shared library D:\STM32Cobemx_Project\jre\bin\java.dll

Deoptimization events (0 events):
No events

Classes unloaded (0 events):
No events

Classes redefined (0 events):
No events

Internal exceptions (0 events):
No events

VM Operations (0 events):
No events

Events (0 events):
No events


Dynamic libraries:
0x00007ff666320000 - 0x00007ff66632e000 	D:\STM32Cobemx_Project\jre\bin\javaw.exe
0x00007ff826660000 - 0x00007ff826869000 	C:\Windows\SYSTEM32\ntdll.dll
0x00007ff824930000 - 0x00007ff8249ee000 	C:\Windows\System32\KERNEL32.DLL
0x00007ff823d20000 - 0x00007ff8240a4000 	C:\Windows\System32\KERNELBASE.dll
0x00007ff8241d0000 - 0x00007ff8242e1000 	C:\Windows\System32\ucrtbase.dll
0x00007fffe6b20000 - 0x00007fffe6b3b000 	D:\STM32Cobemx_Project\jre\bin\VCRUNTIME140.dll
0x00007fffcf470000 - 0x00007fffcf487000 	D:\STM32Cobemx_Project\jre\bin\jli.dll
0x00007ff825980000 - 0x00007ff825b2d000 	C:\Windows\System32\USER32.dll
0x00007ff8122b0000 - 0x00007ff812555000 	C:\Windows\WinSxS\amd64_microsoft.windows.common-controls_6595b64144ccf1df_6.0.22000.120_none_9d947278b86cc467\COMCTL32.dll
0x00007ff824400000 - 0x00007ff824426000 	C:\Windows\System32\win32u.dll
0x00007ff8264f0000 - 0x00007ff826593000 	C:\Windows\System32\msvcrt.dll
0x00007ff8265a0000 - 0x00007ff8265ca000 	C:\Windows\System32\GDI32.dll
0x00007ff8240b0000 - 0x00007ff8241cf000 	C:\Windows\System32\gdi32full.dll
0x00007ff824360000 - 0x00007ff8243fd000 	C:\Windows\System32\msvcp_win.dll
0x00007ff824b80000 - 0x00007ff824bb1000 	C:\Windows\System32\IMM32.DLL
0x00007fffe84b0000 - 0x00007fffe84bc000 	D:\STM32Cobemx_Project\jre\bin\vcruntime140_1.dll
0x00007fff45230000 - 0x00007fff452bd000 	D:\STM32Cobemx_Project\jre\bin\msvcp140.dll
0x00007fff445c0000 - 0x00007fff45222000 	D:\STM32Cobemx_Project\jre\bin\server\jvm.dll
0x00007ff825860000 - 0x00007ff82590f000 	C:\Windows\System32\ADVAPI32.dll
0x00007ff826390000 - 0x00007ff82642e000 	C:\Windows\System32\sechost.dll
0x00007ff824bc0000 - 0x00007ff824ce1000 	C:\Windows\System32\RPCRT4.dll
0x00007ff822440000 - 0x00007ff82248d000 	C:\Windows\SYSTEM32\POWRPROF.dll
0x00007ff81b680000 - 0x00007ff81b6b3000 	C:\Windows\SYSTEM32\WINMM.dll
0x00007fffce160000 - 0x00007fffce169000 	C:\Windows\SYSTEM32\WSOCK32.dll
0x00007ff81aff0000 - 0x00007ff81affa000 	C:\Windows\SYSTEM32\VERSION.dll
0x00007ff824fe0000 - 0x00007ff82504f000 	C:\Windows\System32\WS2_32.dll
0x00007ff822530000 - 0x00007ff822543000 	C:\Windows\SYSTEM32\UMPDC.dll
0x00007ff822c40000 - 0x00007ff822c58000 	C:\Windows\SYSTEM32\kernel.appcore.dll
0x00007fffce150000 - 0x00007fffce15a000 	D:\STM32Cobemx_Project\jre\bin\jimage.dll
0x00007ff821290000 - 0x00007ff8214b1000 	C:\Windows\SYSTEM32\DBGHELP.DLL
0x00007ff8115f0000 - 0x00007ff811621000 	C:\Windows\SYSTEM32\dbgcore.DLL
0x00007ff824430000 - 0x00007ff8244af000 	C:\Windows\System32\bcryptPrimitives.dll
0x00007fff44590000 - 0x00007fff445b5000 	D:\STM32Cobemx_Project\jre\bin\java.dll

dbghelp: loaded successfully - version: 4.0.5 - missing functions: none
symbol engine: initialized successfully - sym options: 0x614 - pdb path: .;D:\STM32Cobemx_Project\jre\bin;C:\Windows\SYSTEM32;C:\Windows\WinSxS\amd64_microsoft.windows.common-controls_6595b64144ccf1df_6.0.22000.120_none_9d947278b86cc467;D:\STM32Cobemx_Project\jre\bin\server

VM Arguments:
jvm_args: -Djavax.net.ssl.trustStoreType=WINDOWS-ROOT -Dsun.java2d.d3d=false 
java_command: com.st.microxplorer.maingui.STM32CubeMX E:\rc_ecat_zgt6_hw_version_LL\rc_ecat_zgt6_hw.ioc
java_class_path (initial): D:\STM32Cobemx_Project\STM32CubeMX.exe;anything
Launcher Type: SUN_STANDARD

[Global flags]
     intx CICompilerCount                          = 12                                        {product} {ergonomic}
     uint ConcGCThreads                            = 3                                         {product} {ergonomic}
     uint G1ConcRefinementThreads                  = 13                                        {product} {ergonomic}
   size_t G1HeapRegionSize                         = 2097152                                   {product} {ergonomic}
    uintx GCDrainStackTargetSize                   = 64                                        {product} {ergonomic}
   size_t InitialHeapSize                          = 257949696                                 {product} {ergonomic}
   size_t MarkStackSize                            = 4194304                                   {product} {ergonomic}
   size_t MaxHeapSize                              = 4097835008                                {product} {ergonomic}
   size_t MinHeapDeltaBytes                        = 2097152                                   {product} {ergonomic}
   size_t MinHeapSize                              = 8388608                                   {product} {ergonomic}
    uintx NonNMethodCodeHeapSize                   = 7602480                                {pd product} {ergonomic}
    uintx NonProfiledCodeHeapSize                  = 122027880                              {pd product} {ergonomic}
    uintx ProfiledCodeHeapSize                     = 122027880                              {pd product} {ergonomic}
    uintx ReservedCodeCacheSize                    = 251658240                              {pd product} {ergonomic}
     bool SegmentedCodeCache                       = true                                      {product} {ergonomic}
   size_t SoftMaxHeapSize                          = 4097835008                             {manageable} {ergonomic}
     bool UseCompressedClassPointers               = true                           {product lp64_product} {ergonomic}
     bool UseCompressedOops                        = true                           {product lp64_product} {ergonomic}
     bool UseG1GC                                  = true                                      {product} {ergonomic}
     bool UseLargePagesIndividualAllocation        = false                                  {pd product} {ergonomic}

Logging:
Log output configuration:
 #0: stdout all=warning uptime,level,tags
 #1: stderr all=off uptime,level,tags

Environment Variables:
PATH=D:\STM32Cobemx_Project\;C:\Python27\;C:\Python27\Scripts;E:\VMware\bin\;C:\Program Files (x86)\Common Files\Oracle\Java\javapath;C:\Windows\system32;C:\Windows;C:\Windows\System32\Wbem;C:\Windows\System32\WindowsPowerShell\v1.0\;C:\Windows\System32\OpenSSH\;C:\Program Files (x86)\NVIDIA Corporation\PhysX\Common;C:\Program Files\NVIDIA Corporation\NVIDIA NvDLISR;E:\Matlab2025a\runtime\win64;E:\Matlab2025a\bin;D:\Matlab_Document\runtime\win64;D:\Matlab_Document\bin;C:\Program Files\IBM\SPSS\Statistics\24\JRE\bin;C:\Program Files\PuTTY\;C:\Users\Keten_Bieber\miniconda3;C:\Program Files\mingw64\bin;C:\Program Files\dotnet\;C:\Program Files\CMake\bin;C:\msys64\mingw64\bin;C:\Program Files (x86)\SEGGER\JLink_V722b;C:\Program Files (x86)\SEGGER\Ozone V3.24;C:\Arm-GNU-Toolchian\bin;C:\Program Files\doxygen\bin;D:\Git\mingw64\bin;D:\Git\usr\bin;C:\ninja;C:\Program Files (x86)\NetSarang\Xshell 8\;C:\Users\Keten_Bieber\AppData\Local\Programs\Python\Python313;";%VBOX_INSTALL_PATH%";"§;%VBOX_INSTALL_PATH%※";C:\Program Files (x86)\Microsoft SQL Server\160\Tools\Binn\;C:\Program Files\Microsoft SQL Server\160\Tools\Binn\;C:\Program Files\Microsoft SQL Server\Client SDK\ODBC\170\Tools\Binn\;C:\Program Files\Microsoft SQL Server\160\DTS\Binn\;C:\Program Files (x86)\Windows Kits\8.1\Windows Performance Toolkit\;E:\LLVM\bin;C:\Program Files\Npcap;C:\Users\Keten_Bieber\AppData\Local\Programs\Python\Python313;C:\Users\Keten_Bieber\miniconda3;C:\Users\Keten_Bieber\miniconda3\Library\mingw-w64\bin;C:\Users\Keten_Bieber\miniconda3\Library\usr\bin;C:\Users\Keten_Bieber\miniconda3\Library\bin;C:\Users\Keten_Bieber\miniconda3\Scripts;C:\Users\Keten_Bieber\AppData\Local\Microsoft\WindowsApps;C:\Program Files\Bandizip\;";%VBOX_INSTALL_PATH%";C:\Users\Keten_Bieber\AppData\Local\Programs\Microsoft VS Code\bin;D:\STM32Cobemx_Project\.\jre\\bin
USERNAME=輿褪抾
OS=Windows_NT
PROCESSOR_IDENTIFIER=AMD64 Family 25 Model 68 Stepping 1, AuthenticAMD
TMP=C:\Users\KETEN_~1\AppData\Local\Temp
TEMP=C:\Users\KETEN_~1\AppData\Local\Temp



Periodic native trim disabled


---------------  S Y S T E M  ---------------

OS:
 Windows 11 , 64 bit Build 22000 (10.0.22000.2124)
OS uptime: 5 days 15:50 hours

CPU: total 16 (initial active 16) (16 cores per cpu, 2 threads per core) family 25 model 68 stepping 1 microcode 0x0, cx8, cmov, fxsr, ht, mmx, 3dnowpref, sse, sse2, sse3, ssse3, sse4a, sse4.1, sse4.2, popcnt, lzcnt, tsc, tscinvbit, avx, avx2, aes, erms, clmul, bmi1, bmi2, adx, sha, fma, vzeroupper, clflush, clflushopt
Processor Information for processor 0
  Max Mhz: 3201, Current Mhz: 3201, Mhz Limit: 3201
Processor Information for processor 1
  Max Mhz: 3201, Current Mhz: 2566, Mhz Limit: 3201
Processor Information for processor 2
  Max Mhz: 3201, Current Mhz: 3201, Mhz Limit: 3201
Processor Information for processor 3
  Max Mhz: 3201, Current Mhz: 3201, Mhz Limit: 3201
Processor Information for processor 4
  Max Mhz: 3201, Current Mhz: 2566, Mhz Limit: 3201
Processor Information for processor 5
  Max Mhz: 3201, Current Mhz: 2566, Mhz Limit: 3201
Processor Information for processor 6
  Max Mhz: 3201, Current Mhz: 3201, Mhz Limit: 3201
Processor Information for processor 7
  Max Mhz: 3201, Current Mhz: 2566, Mhz Limit: 3201
Processor Information for processor 8
  Max Mhz: 3201, Current Mhz: 3201, Mhz Limit: 3201
Processor Information for processor 9
  Max Mhz: 3201, Current Mhz: 2566, Mhz Limit: 3201
Processor Information for processor 10
  Max Mhz: 3201, Current Mhz: 3201, Mhz Limit: 3201
Processor Information for processor 11
  Max Mhz: 3201, Current Mhz: 2566, Mhz Limit: 3201
Processor Information for processor 12
  Max Mhz: 3201, Current Mhz: 3201, Mhz Limit: 3201
Processor Information for processor 13
  Max Mhz: 3201, Current Mhz: 2566, Mhz Limit: 3201
Processor Information for processor 14
  Max Mhz: 3201, Current Mhz: 3201, Mhz Limit: 3201
Processor Information for processor 15
  Max Mhz: 3201, Current Mhz: 3201, Mhz Limit: 3201

Memory: 4k page, system-wide physical 15630M (483M free)
TotalPageFile size 50874M (AvailPageFile size 8M)
current process WorkingSet (physical memory assigned to process): 11M, peak: 11M
current process commit charge ("private bytes"): 321M, peak: 324M

vm_info: OpenJDK 64-Bit Server VM (17.0.11+9) for windows-amd64 JRE (17.0.11+9), built on Apr 17 2024 06:07:48 by "admin" with MS VC++ 16.10 / 16.11 (VS2019)

END.
